<?xml version="1.0" encoding="UTF-8"?>
<!-- Generated by org.testng.reporters.JUnitReportReporter -->
<testsuite name="LaunchChrome" tests="1" time="18.601" ignored="0" failures="0" timestamp="31 Dec 2019 07:06:05 GMT" skipped="0" hostname="HYDHTC100356L" errors="0">
  <testcase name="test" time="18.601" classname="LaunchChrome"/>
</testsuite> <!-- LaunchChrome -->
