<?xml version="1.0" encoding="UTF-8"?>
<!-- Generated by org.testng.reporters.JUnitReportReporter -->
<testsuite name="extentreports.examples.RegulatorRequirement" tests="3" time="33.295" ignored="0" failures="0" timestamp="08 Jan 2020 09:41:13 GMT" skipped="0" hostname="HYDHTC100356L" errors="0">
  <testcase name="launchBrowser" time="7.097" classname="extentreports.examples.RegulatorRequirement"/>
  <testcase name="test2X" time="0.595" classname="extentreports.examples.RegulatorRequirement"/>
  <testcase name="testDashboard" time="25.603" classname="extentreports.examples.RegulatorRequirement"/>
</testsuite> <!-- extentreports.examples.RegulatorRequirement -->
