<?xml version="1.0" encoding="UTF-8"?>
<!-- Generated by org.testng.reporters.JUnitReportReporter -->
<testsuite name="LaunchChrome" tests="1" time="30.054" ignored="0" failures="0" timestamp="08 Jan 2020 09:41:13 GMT" skipped="0" hostname="HYDHTC100356L" errors="0">
  <testcase name="test" time="30.054" classname="LaunchChrome"/>
</testsuite> <!-- LaunchChrome -->
