<?xml version="1.0" encoding="UTF-8"?>
<!-- Generated by org.testng.reporters.JUnitReportReporter -->
<testsuite name="ChromeDriver" tests="1" time="0.008" ignored="0" failures="0" timestamp="05 Nov 2019 08:20:49 GMT" skipped="0" hostname="HYDHTC100356L" errors="0">
  <testcase name="f" time="0.008" classname="ChromeDriver"/>
</testsuite> <!-- ChromeDriver -->
